<?xml version="1.0" encoding="utf-8"?><testsuites><testsuite name="pytest" errors="5" failures="0" skipped="0" tests="6" time="0.048" timestamp="2022-09-20T07:19:15.782104" hostname="DESKTOP-VS1SBON"><testcase classname="sports_card.body.test_body.BodyTests" name="test_body_functions_as_expected" time="0.000"><error message="failed on setup with &quot;file C:\Users\kevin\Documents\udemy\pytest\test\sports_card\body\test_body.py, line 5: source code not available&#10;E       fixture 'chrome_browser' not found&#10;&gt;       available fixtures: cache, capfd, capfdbinary, caplog, capsys, capsysbinary, doctest_namespace, extra, include_metadata_in_junit_xml, metadata, monkeypatch, pytestconfig, record_property, record_testsuite_property, record_xml_attribute, recwarn, tmp_path, tmp_path_factory, tmpdir, tmpdir_factory&#10;&gt;       use 'pytest --fixtures [testpath]' for help on them.&#10;&#10;C:\Users\kevin\Documents\udemy\pytest\test\sports_card\body\test_body.py:5&quot;">file C:\Users\kevin\Documents\udemy\pytest\test\sports_card\body\test_body.py, line 5: source code not available
E       fixture 'chrome_browser' not found
&gt;       available fixtures: cache, capfd, capfdbinary, caplog, capsys, capsysbinary, doctest_namespace, extra, include_metadata_in_junit_xml, metadata, monkeypatch, pytestconfig, record_property, record_testsuite_property, record_xml_attribute, recwarn, tmp_path, tmp_path_factory, tmpdir, tmpdir_factory
&gt;       use 'pytest --fixtures [testpath]' for help on them.

C:\Users\kevin\Documents\udemy\pytest\test\sports_card\body\test_body.py:5</error></testcase><testcase classname="sports_card.body.test_body.BodyTests" name="test_bumper" time="0.001" /><testcase classname="sports_card.engine.test_engine" name="test_engine_functions_as_expected" time="0.000"><error message="failed on setup with &quot;file C:\Users\kevin\Documents\udemy\pytest\test\sports_card\engine\test_engine.py, line 3: source code not available&#10;E       fixture 'chrome_browser' not found&#10;&gt;       available fixtures: cache, capfd, capfdbinary, caplog, capsys, capsysbinary, doctest_namespace, extra, include_metadata_in_junit_xml, metadata, monkeypatch, pytestconfig, record_property, record_testsuite_property, record_xml_attribute, recwarn, tmp_path, tmp_path_factory, tmpdir, tmpdir_factory&#10;&gt;       use 'pytest --fixtures [testpath]' for help on them.&#10;&#10;C:\Users\kevin\Documents\udemy\pytest\test\sports_card\engine\test_engine.py:3&quot;">file C:\Users\kevin\Documents\udemy\pytest\test\sports_card\engine\test_engine.py, line 3: source code not available
E       fixture 'chrome_browser' not found
&gt;       available fixtures: cache, capfd, capfdbinary, caplog, capsys, capsysbinary, doctest_namespace, extra, include_metadata_in_junit_xml, metadata, monkeypatch, pytestconfig, record_property, record_testsuite_property, record_xml_attribute, recwarn, tmp_path, tmp_path_factory, tmpdir, tmpdir_factory
&gt;       use 'pytest --fixtures [testpath]' for help on them.

C:\Users\kevin\Documents\udemy\pytest\test\sports_card\engine\test_engine.py:3</error></testcase><testcase classname="sports_card.entertainment.test_entertainment" name="test_entertainment_functions_as_expected" time="0.000"><error message="failed on setup with &quot;file C:\Users\kevin\Documents\udemy\pytest\test\sports_card\entertainment\test_entertainment.py, line 3: source code not available&#10;E       fixture 'chrome_browser' not found&#10;&gt;       available fixtures: cache, capfd, capfdbinary, caplog, capsys, capsysbinary, doctest_namespace, extra, include_metadata_in_junit_xml, metadata, monkeypatch, pytestconfig, record_property, record_testsuite_property, record_xml_attribute, recwarn, tmp_path, tmp_path_factory, tmpdir, tmpdir_factory&#10;&gt;       use 'pytest --fixtures [testpath]' for help on them.&#10;&#10;C:\Users\kevin\Documents\udemy\pytest\test\sports_card\entertainment\test_entertainment.py:3&quot;">file C:\Users\kevin\Documents\udemy\pytest\test\sports_card\entertainment\test_entertainment.py, line 3: source code not available
E       fixture 'chrome_browser' not found
&gt;       available fixtures: cache, capfd, capfdbinary, caplog, capsys, capsysbinary, doctest_namespace, extra, include_metadata_in_junit_xml, metadata, monkeypatch, pytestconfig, record_property, record_testsuite_property, record_xml_attribute, recwarn, tmp_path, tmp_path_factory, tmpdir, tmpdir_factory
&gt;       use 'pytest --fixtures [testpath]' for help on them.

C:\Users\kevin\Documents\udemy\pytest\test\sports_card\entertainment\test_entertainment.py:3</error></testcase><testcase classname="test.test_environment_is_qa" name="test_environment_is_qa" time="0.000"><error message="failed on setup with &quot;file C:\Users\kevin\Documents\udemy\pytest\test\test_environment_is_qa.py, line 1&#10;  def test_environment_is_qa(env):&#10;E       fixture 'env' not found&#10;&gt;       available fixtures: cache, capfd, capfdbinary, caplog, capsys, capsysbinary, doctest_namespace, extra, include_metadata_in_junit_xml, metadata, monkeypatch, pytestconfig, record_property, record_testsuite_property, record_xml_attribute, recwarn, tmp_path, tmp_path_factory, tmpdir, tmpdir_factory&#10;&gt;       use 'pytest --fixtures [testpath]' for help on them.&#10;&#10;C:\Users\kevin\Documents\udemy\pytest\test\test_environment_is_qa.py:1&quot;">file C:\Users\kevin\Documents\udemy\pytest\test\test_environment_is_qa.py, line 1
  def test_environment_is_qa(env):
E       fixture 'env' not found
&gt;       available fixtures: cache, capfd, capfdbinary, caplog, capsys, capsysbinary, doctest_namespace, extra, include_metadata_in_junit_xml, metadata, monkeypatch, pytestconfig, record_property, record_testsuite_property, record_xml_attribute, recwarn, tmp_path, tmp_path_factory, tmpdir, tmpdir_factory
&gt;       use 'pytest --fixtures [testpath]' for help on them.

C:\Users\kevin\Documents\udemy\pytest\test\test_environment_is_qa.py:1</error></testcase><testcase classname="test.test_environment_is_qa" name="test_environment_is_dev" time="0.000"><error message="failed on setup with &quot;file C:\Users\kevin\Documents\udemy\pytest\test\test_environment_is_qa.py, line 4&#10;  def test_environment_is_dev(env):&#10;E       fixture 'env' not found&#10;&gt;       available fixtures: cache, capfd, capfdbinary, caplog, capsys, capsysbinary, doctest_namespace, extra, include_metadata_in_junit_xml, metadata, monkeypatch, pytestconfig, record_property, record_testsuite_property, record_xml_attribute, recwarn, tmp_path, tmp_path_factory, tmpdir, tmpdir_factory&#10;&gt;       use 'pytest --fixtures [testpath]' for help on them.&#10;&#10;C:\Users\kevin\Documents\udemy\pytest\test\test_environment_is_qa.py:4&quot;">file C:\Users\kevin\Documents\udemy\pytest\test\test_environment_is_qa.py, line 4
  def test_environment_is_dev(env):
E       fixture 'env' not found
&gt;       available fixtures: cache, capfd, capfdbinary, caplog, capsys, capsysbinary, doctest_namespace, extra, include_metadata_in_junit_xml, metadata, monkeypatch, pytestconfig, record_property, record_testsuite_property, record_xml_attribute, recwarn, tmp_path, tmp_path_factory, tmpdir, tmpdir_factory
&gt;       use 'pytest --fixtures [testpath]' for help on them.

C:\Users\kevin\Documents\udemy\pytest\test\test_environment_is_qa.py:4</error></testcase></testsuite></testsuites>